android/app/proguard-rules.pro
-keep class com.dexterous.** { *; }
-keep class net.sqlcipher.** { *; }