build/app/outputs/mapping/release/seeds.txt
com.ecoplus.gestion.MainActivity: MainActivity()
com.ecoplus.gestion.MainActivity
...
com.pichillilorenzo.flutter_inappwebview.in_app_webview.InAppWebView$10$1: void onReceiveValue(java.lang.String)
com.pichillilorenzo.flutter_inappwebview.R$dimen: int abc_seekbar_track_background_height_material
com.pichillilorenzo.flutter_inappwebview.chrome_custom_tabs.ChromeSafariBrowserManager: void dispose()
com.pichillilorenzo.flutter_inappwebview.in_app_browser.InAppBrowserActivity: void goForwardButtonClicked(android.view.MenuItem)
com.pichillilorenzo.flutter_inappwebview.R$attr: int buttonBarStyle
com.pichillilorenzo.flutter_inappwebview.Util$PrivateKeyAndCertificates: java.security.PrivateKey privateKey
com.google.android.gms.internal.firebase-auth-api.zzpa: android.os.Parcelable$Creator CREATOR
androidx.window.embedding.EmptyEmbeddingComponent
com.pichillilorenzo.flutter_inappwebview.in_app_webview.InAppWebViewClient$2: void error(java.lang.String,java.lang.String,java.lang.Object)
com.pichillilorenzo.flutter_inappwebview.R$styleable: int Spinner_android_dropDownWidth
kotlin.jvm.internal.FunctionReference: int getArity()
com.pichillilorenzo.flutter_inappwebview.in_app_webview.InAppWebViewOptions: com.pichillilorenzo.flutter_inappwebview.in_app_webview.InAppWebViewOptions parse(java.util.Map)
androidx.appcompat.widget.AppCompatImageButton: void setImageResource(int)
com.pichillilorenzo.flutter_inappwebview.R$styleable: int AnimatedStateListDrawableTransition_android_fromId
com.dexterous.flutterlocalnotifications.FlutterLocalNotificationsPlugin: void repeat(io.flutter.plugin.common.MethodCall,io.flutter.plugin.common.MethodChannel$Result)
io.flutter.embedding.engine.FlutterJNI: boolean getIsSoftwareRenderingEnabled()
com.google.android.material.internal.BaselineLayout: BaselineLayout(android.content.Context,android.util.AttributeSet)
com.pichillilorenzo.flutter_inappwebview.content_blocker.ContentBlockerTrigger: java.util.List unlessTopUrl
com.pichillilorenzo.flutter_inappwebview.R$styleable: int Toolbar_subtitle
android.support.v4.media.MediaBrowserCompat$SearchResultReceiver
androidx.media.AudioAttributesImplBaseParcelizer
com.pichillilorenzo.flutter_inappwebview.in_app_webview.InAppWebView$15
com.google.android.material.floatingactionbutton.FloatingActionButton: int getSize()
androidx.coordinatorlayout.widget.CoordinatorLayout$Behavior: CoordinatorLayout$Behavior()
okhttp3.TlsVersion: okhttp3.TlsVersion valueOf(java.lang.String)
io.flutter.embedding.engine.mutatorsstack.FlutterMutatorsStack
com.pichillilorenzo.flutter_inappwebview.types.UserContentController$2: UserContentController$2(com.pichillilorenzo.flutter_inappwebview.types.UserContentController)
com.pichillilorenzo.flutter_inappwebview.R$styleable: int AppCompatTheme_actionBarDivider
androidx.core.graphics.drawable.IconCompat: IconCompat()
com.pichillilorenzo.flutter_inappwebview.chrome_custom_tabs.ChromeCustomTabsActivity: java.lang.String LOG_TAG
com.pichillilorenzo.flutter_inappwebview.in_app_webview.InAppWebViewOptions: java.lang.Boolean offscreenPreRaster
io.flutter.plugins.firebase.core.FlutterFirebaseCoreRegistrar: FlutterFirebaseCoreRegistrar()
androidx.window.core.Version: int getMinor()
com.pichillilorenzo.flutter_inappwebview.types.InAppWebViewInterface: com.pichillilorenzo.flutter_inappwebview.types.UserContentController getUserContentController()
com.google.android.material.appbar.AppBarLayout: void setOrientation(int)
net.sqlcipher.database.SQLiteDatabase: net.sqlcipher.database.SQLiteDatabase create(net.sqlcipher.database.SQLiteDatabase$CursorFactory,char[])
kotlinx.coroutines.internal.LockFreeTaskQueueCore: java.lang.Object _next
androidx.window.layout.SidecarWindowBackend$ExtensionListenerImpl: void onWindowLayoutChanged(android.app.Activity,androidx.window.layout.WindowLayoutInfo)
com.pichillilorenzo.flutter_inappwebview.R$styleable: int MenuItem_android_menuCategory
com.pichillilorenzo.flutter_inappwebview.in_app_webview.InAppWebViewChromeClient: int PICKER