build/app/outputs/mapping/release/mapping.txt
# compiler: R8
# compiler_version: 2.1.62
# min_api: 19
# pg_map_id: 942e203
# common_typos_disable
...
io.flutter.embedding.engine.FlutterJNI$AsyncWaitForVsyncDelegate -> io.flutter.embedding.engine.FlutterJNI$b:
    void asyncWaitForVsync(long) -> a
io.flutter.embedding.engine.FlutterJNI$Factory -> io.flutter.embedding.engine.FlutterJNI$c:
    io.flutter.embedding.engine.FlutterJNI provideFlutterJNI() -> a
io.flutter.embedding.engine.FlutterShellArgs -> io.flutter.embedding.engine.e:
    java.util.Set args -> a
    io.flutter.embedding.engine.FlutterShellArgs fromIntent(android.content.Intent) -> a
    java.lang.String[] toArray() -> b
io.flutter.embedding.engine.dart.-$$Lambda$DartMessenger$TsixYUB5E6FpKhMtCSQVHKE89gQ -> io.flutter.embedding.engine.f.a:
    java.lang.String f$1 -> g
    long f$5 -> k
    int f$4 -> j
    io.flutter.embedding.engine.dart.DartMessenger f$0 -> f
    java.nio.ByteBuffer f$3 -> i
    io.flutter.embedding.engine.dart.DartMessenger$HandlerInfo f$2 -> h
io.flutter.embedding.engine.dart.DartExecutor -> io.flutter.embedding.engine.f.b:
    io.flutter.plugin.common.BinaryMessenger binaryMessenger -> i
    android.content.res.AssetManager assetManager -> g
    java.lang.String isolateServiceId -> k
    boolean isApplicationRunning -> j
    io.flutter.embedding.engine.dart.DartMessenger dartMessenger -> h
    io.flutter.plugin.common.BinaryMessenger$BinaryMessageHandler isolateChannelMessageHandler -> m
    io.flutter.embedding.engine.dart.DartExecutor$IsolateServiceIdListener isolateServiceIdListener -> l
    io.flutter.embedding.engine.FlutterJNI flutterJNI -> f
    void send(java.lang.String,java.nio.ByteBuffer,io.flutter.plugin.common.BinaryMessenger$BinaryReply) -> a
    void setMessageHandler(java.lang.String,io.flutter.plugin.common.BinaryMessenger$BinaryMessageHandler) -> b
    java.lang.String access$000(io.flutter.embedding.engine.dart.DartExecutor) -> c
    void send(java.lang.String,java.nio.ByteBuffer) -> d
    java.lang.String access$002(io.flutter.embedding.engine.dart.DartExecutor,java.lang.String) -> e
    void setMessageHandler(java.lang.String,io.flutter.plugin.common.BinaryMessenger$BinaryMessageHandler,io.flutter.plugin.common.BinaryMessenger$TaskQueue) -> f
    io.flutter.embedding.engine.dart.DartExecutor$IsolateServiceIdListener access$100(io.flutter.embedding.engine.dart.DartExecutor) -> g
    void executeDartCallback(io.flutter.embedding.engine.dart.DartExecutor$DartCallback) -> h
io.flutter.embedding.engine.dart.DartExecutor$1 -> io.flutter.embedding.engine.f.b$a:
    io.flutter.embedding.engine.dart.DartExecutor this$0 -> a
    void onMessage(java.nio.ByteBuffer,io.flutter.plugin.common.BinaryMessenger$BinaryReply) -> a
io.flutter.embedding.engine.dart.DartExecutor$DartCallback -> io.flutter.embedding.engine.f.b$b:
    android.content.res.AssetManager androidAssetManager -> a
    io.flutter.view.FlutterCallbackInformation callbackHandle -> c
    java.lang.String pathToBundle -> b
io.flutter.embedding.engine.dart.DartExecutor$DartEntrypoint -> io.flutter.embedding.engine.f.b$c:
    java.lang.String pathToBundle -> a
    java.lang.String dartEntrypointFunctionName -> c
    java.lang.String dartEntrypointLibrary -> b
io.flutter.embedding.engine.dart.DartExecutor$DefaultBinaryMessenger -> io.flutter.embedding.engine.f.b$d:
    io.flutter.embedding.engine.dart.DartMessenger messenger -> f
    void send(java.lang.String,java.nio.ByteBuffer,io.flutter.plugin.common.BinaryMessenger$BinaryReply) -> a
    void setMessageHandler(java.lang.String,io.flutter.plugin.common.BinaryMessenger$BinaryMessageHandler) -> b
    void send(java.lang.String,java.nio.ByteBuffer) -> d
    void setMessageHandler(java.lang.String,io.flutter.plugin.common.BinaryMessenger$BinaryMessageHandler,io.flutter.plugin.common.BinaryMessenger$TaskQueue) -> f
io.flutter.embedding.engine.dart.DartExecutor$IsolateServiceIdListener -> io.flutter.embedding.engine.f.b$e:
    void onIsolateServiceIdAvailable(java.lang.String) -> a