build/app/outputs/mapping/release/usage.txt
com.ecoplus.gestion.R$interpolator
com.ecoplus.gestion.BuildConfig
com.ecoplus.gestion.R$styleable
com.ecoplus.gestion.R$style
com.ecoplus.gestion.R
com.ecoplus.gestion.R$drawable
com.ecoplus.gestion.R$raw
com.ecoplus.gestion.R$array
com.ecoplus.gestion.R$color
com.ecoplus.gestion.R$menu
com.ecoplus.gestion.R$layout
com.ecoplus.gestion.R$anim
com.ecoplus.gestion.R$id
com.ecoplus.gestion.R$integer
com.ecoplus.gestion.R$bool
com.ecoplus.gestion.R$dimen
com.ecoplus.gestion.R$string
com.ecoplus.gestion.R$attr
com.ecoplus.gestion.R$xml
com.ecoplus.gestion.R$animator
com.ecoplus.gestion.R$mipmap
...
com.google.android.gms.common.api.ResultCallbacks:
    public void <init>()
    public final void onResult(com.google.android.gms.common.api.Result)
com.google.android.gms.common.api.internal.LifecycleFragment:
    public abstract boolean isCreated()
    public abstract boolean isStarted()
kotlin.collections.MapsKt:
    private void <init>()
io.flutter.BuildConfig
javax.annotation.Nonnull$Checker
kotlin.NumbersKt__BigDecimalsKt
kotlinx.coroutines.EventLoopImplBase$DelayedRunnableTask
kotlin.UInt$Companion
com.google.common.collect.ArrayTable$3
com.google.common.graph.Graphs$TransposedGraph
com.google.android.play.core.internal.zzbt
com.google.common.hash.LittleEndianByteArray$UnsafeByteArray$3
okhttp3.internal.http2.Http2Connection$Builder:
    public okhttp3.internal.http2.Http2Connection$Builder socket(java.net.Socket)
    public okhttp3.internal.http2.Http2Connection$Builder pushObserver(okhttp3.internal.http2.PushObserver)
androidx.fragment.app.FragmentContainerView:
    public void <init>(android.content.Context)
    public void <init>(android.content.Context,android.util.AttributeSet)
    public void <init>(android.content.Context,android.util.AttributeSet,int)
androidx.resourceinspection.annotation.Attribute
com.google.common.escape.Escapers$1
com.google.common.collect.Interners$InternerBuilder
androidx.webkit.internal.ScriptReferenceImpl
com.google.common.base.Predicates
com.google.common.reflect.ClassPath$Scanner
org.threeten.bp.DayOfWeek:
    public java.lang.String getDisplayName(org.threeten.bp.format.TextStyle,java.util.Locale)
    public org.threeten.bp.DayOfWeek plus(long)
    public org.threeten.bp.DayOfWeek minus(long)
com.bumptech.glide.provider.ResourceEncoderRegistry:
    public synchronized void prepend(java.lang.Class,com.bumptech.glide.load.ResourceEncoder)
com.google.common.collect.ForwardingCollection
com.google.common.util.concurrent.CycleDetectingLockFactory$CycleDetectingReentrantLock
kotlinx.coroutines.Delay
androidx.appcompat.app.AppCompatDelegateImpl$ActionBarDrawableToggleImpl:
    public android.graphics.drawable.Drawable getThemeUpIndicator()
    public android.content.Context getActionBarThemedContext()
    public boolean isNavigationVisible()
    public void setActionBarUpIndicator(android.graphics.drawable.Drawable,int)
    public void setActionBarDescription(int)
okhttp3.internal.cache.DiskLruCache$1
androidx.appcompat.widget.ShareActionProvider$ShareMenuItemOnMenuItemClickListener
com.davidmartos96.sqflite_sqlcipher.R$color
androidx.customview.widget.FocusStrategy$SequentialComparator